d:\develop\driminate\driminate02\driminate\x64\debug\vc143.pdb
d:\develop\driminate\driminate02\driminate\x64\debug\vc143.idb
d:\develop\driminate\driminate02\driminate\x64\debug\winmain.obj
d:\develop\driminate\driminate02\driminate\x64\debug\titlescene.obj
d:\develop\driminate\driminate02\driminate\x64\debug\stagecollision.obj
d:\develop\driminate\driminate02\driminate\x64\debug\stage01scene.obj
d:\develop\driminate\driminate02\driminate\x64\debug\scenemanager.obj
d:\develop\driminate\driminate02\driminate\x64\debug\playermgmt.obj
d:\develop\driminate\driminate02\driminate\x64\debug\cameracntl.obj
d:\develop\driminate\driminate02\driminate\x64\debug\itemmgmt.obj
d:\develop\driminate\driminate02\driminate\x64\debug\gameclear.obj
d:\develop\driminate\driminate02\driminate\x64\debug\gameclearscene.obj
d:\develop\driminate\driminate02\driminate\x64\debug\gameoverscene.obj
d:\develop\driminate\driminate02\driminate\x64\debug\stageselectscene.obj
d:\develop\driminate\driminate02\driminate\x64\debug\kbinputmgmt.obj
d:\develop\driminate\driminate02\driminate\x64\debug\uiset.obj
d:\develop\driminate\driminate02\driminate\x64\debug\driminate.exe
d:\develop\driminate\driminate02\driminate\x64\debug\driminate.ilk
d:\develop\driminate\driminate02\driminate\x64\debug\driminate.pdb
d:\develop\driminate\driminate02\driminate\x64\debug\driminate.tlog\cl.command.1.tlog
d:\develop\driminate\driminate02\driminate\x64\debug\driminate.tlog\cl.items.tlog
d:\develop\driminate\driminate02\driminate\x64\debug\driminate.tlog\cl.read.1.tlog
d:\develop\driminate\driminate02\driminate\x64\debug\driminate.tlog\cl.write.1.tlog
d:\develop\driminate\driminate02\driminate\x64\debug\driminate.tlog\link.command.1.tlog
d:\develop\driminate\driminate02\driminate\x64\debug\driminate.tlog\link.read.1.tlog
d:\develop\driminate\driminate02\driminate\x64\debug\driminate.tlog\link.write.1.tlog
